# JRE version: OpenJDK Runtime Environment (15.0+36) (build 15+36-Ubuntu-1)
# Java VM: OpenJDK 64-Bit Server VM (15+36-Ubuntu-1, mixed mode, sharing, tiered, compressed oops, g1 gc, linux-amd64)
GC Precious Log:
 CPUs: 4 total, 4 available
 Memory: 7738M
 Large Page Support: Disabled
 NUMA Support: Disabled
 Compressed Oops: Enabled (32-bit)
 Heap Region Size: 1M
 Heap Min Capacity: 256M
 Heap Initial Capacity: 256M
 Heap Max Capacity: 512M
 Pre-touch: Disabled
 Parallel Workers: 4
 Concurrent Workers: 1
 Concurrent Refinement Workers: 4
 Periodic GC: Disabled
Heap:
 garbage-first heap   total 262144K, used 205154K [0x00000000e0000000, 0x0000000100000000)
  region size 1024K, 119 young (121856K), 5 survivors (5120K)
 Metaspace       used 84212K, capacity 85973K, committed 86272K, reserved 329728K
  class space    used 11455K, capacity 11988K, committed 12032K, reserved 253952K
GC Heap History (20 events):
Event: 3.671 GC heap after
{Heap after GC invocations=4 (full 0):
 garbage-first heap   total 264192K, used 19204K [0x00000000e0000000, 0x0000000100000000)
  region size 1024K, 10 young (10240K), 10 survivors (10240K)
 Metaspace       used 20473K, capacity 20904K, committed 21248K, reserved 272384K
  class space    used 3021K, capacity 3187K, committed 3328K, reserved 253952K
}
Event: 5.675 GC heap before
{Heap before GC invocations=5 (full 0):
 garbage-first heap   total 262144K, used 97028K [0x00000000e0000000, 0x0000000100000000)
  region size 1024K, 84 young (86016K), 10 survivors (10240K)
 Metaspace       used 34629K, capacity 35131K, committed 35840K, reserved 286720K
  class space    used 4675K, capacity 4855K, committed 4992K, reserved 253952K
}
Event: 5.693 GC heap after
{Heap after GC invocations=6 (full 0):
 garbage-first heap   total 262144K, used 24930K [0x00000000e0000000, 0x0000000100000000)
  region size 1024K, 15 young (15360K), 15 survivors (15360K)
 Metaspace       used 34629K, capacity 35131K, committed 35840K, reserved 286720K
  class space    used 4675K, capacity 4855K, committed 4992K, reserved 253952K
}
Event: 8.549 GC heap before
{Heap before GC invocations=7 (full 0):
 garbage-first heap   total 262144K, used 169314K [0x00000000e0000000, 0x0000000100000000)
  region size 1024K, 153 young (156672K), 15 survivors (15360K)
 Metaspace       used 41947K, capacity 42598K, committed 43008K, reserved 290816K
  class space    used 5762K, capacity 6016K, committed 6144K, reserved 253952K
}
Event: 8.607 GC heap after
{Heap after GC invocations=8 (full 0):
 garbage-first heap   total 262144K, used 41558K [0x00000000e0000000, 0x0000000100000000)
  region size 1024K, 20 young (20480K), 20 survivors (20480K)
 Metaspace       used 41947K, capacity 42598K, committed 43008K, reserved 290816K
  class space    used 5762K, capacity 6016K, committed 6144K, reserved 253952K
}
Event: 169.368 GC heap before
{Heap before GC invocations=8 (full 0):
 garbage-first heap   total 262144K, used 176726K [0x00000000e0000000, 0x0000000100000000)
  region size 1024K, 153 young (156672K), 20 survivors (20480K)
 Metaspace       used 50414K, capacity 51287K, committed 51456K, reserved 299008K
  class space    used 6759K, capacity 7073K, committed 7168K, reserved 253952K
}
Event: 169.435 GC heap after
{Heap after GC invocations=9 (full 0):
 garbage-first heap   total 262144K, used 50217K [0x00000000e0000000, 0x0000000100000000)
  region size 1024K, 10 young (10240K), 10 survivors (10240K)
 Metaspace       used 50414K, capacity 51287K, committed 51456K, reserved 299008K
  class space    used 6759K, capacity 7073K, committed 7168K, reserved 253952K
}
Event: 1289.472 GC heap before
{Heap before GC invocations=9 (full 0):
 garbage-first heap   total 262144K, used 191529K [0x00000000e0000000, 0x0000000100000000)
  region size 1024K, 148 young (151552K), 10 survivors (10240K)
 Metaspace       used 51960K, capacity 52949K, committed 52992K, reserved 301056K
  class space    used 6813K, capacity 7162K, committed 7168K, reserved 253952K
}
Event: 1289.488 GC heap after
{Heap after GC invocations=10 (full 0):
 garbage-first heap   total 262144K, used 47657K [0x00000000e0000000, 0x0000000100000000)
  region size 1024K, 7 young (7168K), 7 survivors (7168K)
 Metaspace       used 51960K, capacity 52949K, committed 52992K, reserved 301056K
  class space    used 6813K, capacity 7162K, committed 7168K, reserved 253952K
}
Event: 3387.679 GC heap before
{Heap before GC invocations=10 (full 0):
 garbage-first heap   total 262144K, used 154153K [0x00000000e0000000, 0x0000000100000000)
  region size 1024K, 113 young (115712K), 7 survivors (7168K)
 Metaspace       used 58884K, capacity 59954K, committed 60160K, reserved 307200K
  class space    used 7705K, capacity 8064K, committed 8192K, reserved 253952K
}
Event: 3387.713 GC heap after
{Heap after GC invocations=11 (full 0):
 garbage-first heap   total 262144K, used 56209K [0x00000000e0000000, 0x0000000100000000)
  region size 1024K, 16 young (16384K), 16 survivors (16384K)
 Metaspace       used 58884K, capacity 59954K, committed 60160K, reserved 307200K
  class space    used 7705K, capacity 8064K, committed 8192K, reserved 253952K
}
Event: 3389.769 GC heap before
{Heap before GC invocations=12 (full 0):
 garbage-first heap   total 262144K, used 195473K [0x00000000e0000000, 0x0000000100000000)
  region size 1024K, 153 young (156672K), 16 survivors (16384K)
 Metaspace       used 67976K, capacity 69053K, committed 69760K, reserved 315392K
  class space    used 9055K, capacity 9411K, committed 9600K, reserved 253952K
}
Event: 3389.823 GC heap after
{Heap after GC invocations=13 (full 0):
 garbage-first heap   total 262144K, used 68529K [0x00000000e0000000, 0x0000000100000000)
  region size 1024K, 20 young (20480K), 20 survivors (20480K)
 Metaspace       used 67976K, capacity 69053K, committed 69760K, reserved 315392K
  class space    used 9055K, capacity 9411K, committed 9600K, reserved 253952K
}
Event: 3391.654 GC heap before
{Heap before GC invocations=14 (full 0):
 garbage-first heap   total 262144K, used 201649K [0x00000000e0000000, 0x0000000100000000)
  region size 1024K, 151 young (154624K), 20 survivors (20480K)
 Metaspace       used 73375K, capacity 74570K, committed 75264K, reserved 319488K
  class space    used 9689K, capacity 10076K, committed 10240K, reserved 253952K
}
Event: 3391.695 GC heap after
{Heap after GC invocations=15 (full 0):
 garbage-first heap   total 262144K, used 77441K [0x00000000e0000000, 0x0000000100000000)
  region size 1024K, 12 young (12288K), 12 survivors (12288K)
 Metaspace       used 73375K, capacity 74570K, committed 75264K, reserved 319488K
  class space    used 9689K, capacity 10076K, committed 10240K, reserved 253952K
}
Event: 6030.472 GC heap before
{Heap before GC invocations=15 (full 0):
 garbage-first heap   total 262144K, used 203393K [0x00000000e0000000, 0x0000000100000000)
  region size 1024K, 135 young (138240K), 12 survivors (12288K)
 Metaspace       used 77364K, capacity 78696K, committed 79232K, reserved 323584K
  class space    used 10386K, capacity 10791K, committed 10880K, reserved 253952K
}
Event: 6030.494 GC heap after
{Heap after GC invocations=16 (full 0):
 garbage-first heap   total 262144K, used 77666K [0x00000000e0000000, 0x0000000100000000)
  region size 1024K, 5 young (5120K), 5 survivors (5120K)
 Metaspace       used 77364K, capacity 78696K, committed 79232K, reserved 323584K
  class space    used 10386K, capacity 10791K, committed 10880K, reserved 253952K
}
Event: 8020.724 GC heap before
{Heap before GC invocations=16 (full 0):
 garbage-first heap   total 262144K, used 205666K [0x00000000e0000000, 0x0000000100000000)
  region size 1024K, 131 young (134144K), 5 survivors (5120K)
 Metaspace       used 78987K, capacity 80616K, committed 80896K, reserved 323584K
  class space    used 10620K, capacity 11169K, committed 11264K, reserved 253952K
}
Event: 8020.746 GC heap after
{Heap after GC invocations=17 (full 0):
 garbage-first heap   total 262144K, used 88418K [0x00000000e0000000, 0x0000000100000000)
  region size 1024K, 15 young (15360K), 15 survivors (15360K)
 Metaspace       used 78987K, capacity 80616K, committed 80896K, reserved 323584K
  class space    used 10620K, capacity 11169K, committed 11264K, reserved 253952K
}
Event: 8239.641 GC heap before
{Heap before GC invocations=17 (full 0):
 garbage-first heap   total 262144K, used 204130K [0x00000000e0000000, 0x0000000100000000)
  region size 1024K, 129 young (132096K), 15 survivors (15360K)
 Metaspace       used 84212K, capacity 85973K, committed 86272K, reserved 329728K
  class space    used 11455K, capacity 11988K, committed 12032K, reserved 253952K
}

